#
# A fatal error has been detected by the Java Runtime Environment:
#
#  Internal Error (javaClasses.cpp:129), pid=1196, tid=10132
#  fatal error: Invalid layout of preloaded class
#
# JRE version: 7.0_15-b03
# Java VM: Java HotSpot(TM) Client VM (23.7-b01 mixed mode windows-x86 )
# Failed to write core dump. Minidumps are not enabled by default on client versions of Windows
#
# If you would like to submit a bug report, please visit:
#   http://bugreport.sun.com/bugreport/crash.jsp
#

---------------  T H R E A D  ---------------

Current thread (0x010dac00):  JavaThread "Unknown thread" [_thread_in_vm, id=10132, stack(0x01270000,0x012c0000)]

Stack: [0x01270000,0x012c0000],  sp=0x012bf4c8,  free space=317k
Native frames: (J=compiled Java code, j=interpreted, Vv=VM code, C=native code)
V  [jvm.dll+0x16f261]
V  [jvm.dll+0x1693d6]
V  [jvm.dll+0x2079f]
V  [jvm.dll+0x20826]
V  [jvm.dll+0x2e5bd]
V  [jvm.dll+0x2e869]
V  [jvm.dll+0x77ba1]
V  [jvm.dll+0x77f5b]
V  [jvm.dll+0x1290e1]
V  [jvm.dll+0x149b3a]
V  [jvm.dll+0xa98df]
C  [javaw.exe+0x13ca]
C  [javaw.exe+0x1e3c]
C  [javaw.exe+0xa5a1]
C  [javaw.exe+0xa62b]
C  [kernel32.dll+0x4ee6c]  BaseThreadInitThunk+0x12
C  [ntdll.dll+0x63ab3]  RtlInitializeExceptionChain+0xef
C  [ntdll.dll+0x63a86]  RtlInitializeExceptionChain+0xc2


---------------  P R O C E S S  ---------------

Java Threads: ( => current thread )

Other Threads:

=>0x010dac00 (exited) JavaThread "Unknown thread" [_thread_in_vm, id=10132, stack(0x01270000,0x012c0000)]

VM state:not at safepoint (not fully initialized)

VM Mutex/Monitor currently owned by a thread: None

GC Heap History (0 events):
No events

Deoptimization events (0 events):
No events

Internal exceptions (0 events):
No events

Events (10 events):
Event: 0.006 loading class 0x01a0dae0 done
Event: 0.006 loading class 0x01a0d098 done
Event: 0.006 loading class 0x01a0d070
Event: 0.006 loading class 0x01a86f80
Event: 0.006 loading class 0x01a86f80 done
Event: 0.006 loading class 0x01a86fb8
Event: 0.006 loading class 0x01a86fb8 done
Event: 0.006 loading class 0x01a7be58
Event: 0.006 loading class 0x01a7be58 done
Event: 0.006 loading class 0x01a0d070 done


Dynamic libraries:
0x013c0000 - 0x013ef000 	C:\Program Files\Java\jdk1.7.0_15\bin\javaw.exe
0x76fb0000 - 0x770f1000 	C:\Windows\SYSTEM32\ntdll.dll
0x752c0000 - 0x75394000 	C:\Windows\system32\kernel32.dll
0x75260000 - 0x752ab000 	C:\Windows\system32\KERNELBASE.dll
0x76d70000 - 0x76e10000 	C:\Windows\system32\ADVAPI32.dll
0x763c0000 - 0x7646c000 	C:\Windows\system32\msvcrt.dll
0x75680000 - 0x75699000 	C:\Windows\SYSTEM32\sechost.dll
0x76960000 - 0x76a02000 	C:\Windows\system32\RPCRT4.dll
0x762f0000 - 0x763b9000 	C:\Windows\system32\USER32.dll
0x771b0000 - 0x771fe000 	C:\Windows\system32\GDI32.dll
0x77110000 - 0x7711a000 	C:\Windows\system32\LPK.dll
0x76470000 - 0x7650d000 	C:\Windows\system32\USP10.dll
0x73e90000 - 0x7402e000 	C:\Windows\WinSxS\x86_microsoft.windows.common-controls_6595b64144ccf1df_6.0.7601.18837_none_41e855142bd5705d\COMCTL32.dll
0x753c0000 - 0x75417000 	C:\Windows\system32\SHLWAPI.dll
0x75420000 - 0x7543f000 	C:\Windows\system32\IMM32.DLL
0x76ca0000 - 0x76d6c000 	C:\Windows\system32\MSCTF.dll
0x77b80000 - 0x77c3e000 	C:\Program Files\Java\jdk1.7.0_15\jre\bin\msvcr100.dll
0x77660000 - 0x779ac000 	C:\Program Files\Java\jdk1.7.0_15\jre\bin\client\jvm.dll
0x6b4e0000 - 0x6b4e7000 	C:\Windows\system32\WSOCK32.dll
0x77170000 - 0x771a5000 	C:\Windows\system32\WS2_32.dll
0x753a0000 - 0x753a6000 	C:\Windows\system32\NSI.dll
0x703d0000 - 0x70402000 	C:\Windows\system32\WINMM.dll
0x753b0000 - 0x753b5000 	C:\Windows\system32\PSAPI.DLL
0x6b410000 - 0x6b41c000 	C:\Program Files\Java\jdk1.7.0_15\jre\bin\verify.dll
0x66540000 - 0x66560000 	C:\Program Files\Java\jdk1.7.0_15\jre\bin\java.dll
0x69630000 - 0x69643000 	C:\Program Files\Java\jdk1.7.0_15\jre\bin\zip.dll
0x6eca0000 - 0x6ed8b000 	C:\Windows\system32\dbghelp.dll

VM Arguments:
jvm_args: -Dfile.encoding=UTF-8 -Xbootclasspath:E:\ADT-Bundle\adt-bundle-windows-x86-20140702\sdk\platforms\android-20\android.jar 
java_command: com.dong.util.XMLParser
Launcher Type: SUN_STANDARD

Environment Variables:
JAVA_HOME=C:\Program Files\Java\jdk1.7.0_15
CLASSPATH=.;C:\Program Files\Java\jdk1.7.0_15\lib;C:\Program Files\Java\jdk1.7.0_15\lib\tools.jar;
PATH=C:/Program Files/Java/jdk1.7.0_15/bin/../jre/bin/client;C:/Program Files/Java/jdk1.7.0_15/bin/../jre/bin;C:/Program Files/Java/jdk1.7.0_15/bin/../jre/lib/i386;.;E:\maven\apache-maven-3.3.3\bin;C:\Program Files\Java\jdk1.7.0_15\bin;C:\Program Files\AMD APP\bin\x86;C:\Program Files\Intel\iCLS Client\;C:\Windows\system32;C:\Windows;C:\Windows\System32\Wbem;C:\Windows\System32\WindowsPowerShell\v1.0\;C:\Program Files\Intel\Intel(R) Management Engine Components\DAL;C:\Program Files\Intel\Intel(R) Management Engine Components\IPT;C:\Program Files\ATI Technologies\ATI.ACE\Core-Static;C:\Program Files\MySQL\MySQL Server 5.5\bin;D:\Tortoise SVN\bin;D:\DriverGenius;D:\DriverGenius\ksoft;E:\ADT-Bundle\adt-bundle-windows-x86-20140702\eclipse;
USERNAME=Dong
OS=Windows_NT
PROCESSOR_IDENTIFIER=x86 Family 6 Model 42 Stepping 7, GenuineIntel



---------------  S Y S T E M  ---------------

OS: Windows 7 Build 7601 Service Pack 1

CPU:total 8 (4 cores per cpu, 2 threads per core) family 6 model 42 stepping 7, cmov, cx8, fxsr, mmx, sse, sse2, sse3, ssse3, sse4.1, sse4.2, popcnt, avx, ht, tsc, tscinvbit

Memory: 4k page, physical 3396624k(82740k free), swap 6791520k(897240k free)

vm_info: Java HotSpot(TM) Client VM (23.7-b01) for windows-x86 JRE (1.7.0_15-b03), built on Feb 15 2013 14:01:25 by "java_re" with unknown MS VC++:1600

time: Tue Jan 12 15:40:19 2016
elapsed time: 0 seconds

